2012-03-23 15:32:21: www.179.com/
2012-03-23 15:32:21: www.179.com/login/getcheckcodes
2012-03-23 15:48:55: www.179.com/test/encrypt/110959
2012-03-23 15:49:27: www.179.com/test/decrypt/8TZBBJAN
2012-03-23 15:49:34: www.179.com/test/decrypt/8TZBBJAN
2012-03-23 15:49:49: www.179.com/test/decrypt/8TZBBJAN
2012-03-23 15:51:00: www.179.com/test/encrypt/11959
2012-03-23 15:51:47: www.179.com/test/encrypt/11959
2012-03-23 15:52:44: www.179.com/test/encrypt/11959
2012-03-23 15:56:16: www.179.com/test/encrypt/11959
2012-03-23 15:56:24: www.179.com/test/decrypt/%3F%C6%27%D7%AA
2012-03-23 16:59:51: www.179.com/test/encrypt/11959
2012-03-23 17:03:19: www.179.com/test/encrypt/11959
2012-03-23 17:05:11: www.179.com/test/encrypt/11959
2012-03-23 17:06:27: www.179.com/test/encrypt/11959
2012-03-23 17:07:10: www.179.com/test/encrypt/11959
2012-03-23 17:07:48: www.179.com/test/encrypt/11959
2012-03-23 17:07:49: www.179.com/test/encrypt/11959
2012-03-23 17:07:50: www.179.com/test/encrypt/11959
2012-03-23 17:08:27: www.179.com/test/encrypt/11959
2012-03-23 17:09:52: www.179.com/test/encrypt/11959
2012-03-23 17:10:10: www.179.com/test/encrypt/11959
2012-03-23 17:10:25: www.179.com/test/encrypt/11959
2012-03-23 17:11:06: www.179.com/test/encrypt/11959
2012-03-23 17:11:22: www.179.com/test/encrypt/11959
2012-03-23 17:11:39: www.179.com/test/encrypt/11959
2012-03-23 17:12:04: www.179.com/test/encrypt/11959
2012-03-23 18:34:39: www.179.com/
2012-03-23 18:34:40: www.179.com/login/getcheckcodes
2012-03-26 08:50:25: www.179.com/
2012-03-26 08:50:27: www.179.com/login/getcheckcodes
2012-03-26 08:57:12: www.179.com/
2012-03-26 08:57:13: www.179.com/login/getcheckcodes
2012-03-26 10:11:03: www.179.com/
2012-03-26 10:11:03: www.179.com/login/getcheckcodes
2012-03-26 10:40:45: www.179.com/artist/login
2012-03-26 10:40:51: www.179.com/artist/loginbyajax
2012-03-26 10:40:51: www.179.com/artist/index
2012-03-26 10:44:45: www.179.com/artist/login
2012-03-26 10:45:23: www.179.com/artist/loginbyajax
2012-03-26 10:45:30: www.179.com/artist/login
2012-03-26 10:45:33: www.179.com/artist/login
2012-03-26 10:45:38: www.179.com/artist/loginbyajax
2012-03-26 10:46:07: www.179.com/artist/loginbyajax
2012-03-26 10:46:07: www.179.com/artist/index
2012-03-26 10:49:27: www.179.com/artist/index
2012-03-26 10:49:45: www.179.com/artist/logout
2012-03-26 10:49:45: www.179.com/artist/login
2012-03-26 10:51:16: www.179.com/artist/loginbyajax
2012-03-26 10:51:17: www.179.com/artist/index
2012-03-26 10:55:56: www.179.com/artist/index
2012-03-26 10:58:33: www.179.com/artist/index
2012-03-26 10:58:37: www.179.com/artist/index
2012-03-26 11:00:54: www.179.com/artist/index
2012-03-26 11:08:15: www.179.com/artist/editbyajax
2012-03-26 11:08:27: www.179.com/artist/editbyajax
2012-03-26 11:09:02: www.179.com/artist/index
2012-03-26 11:21:45: www.179.com/artist/index
2012-03-26 11:24:50: www.179.com/artist/index
2012-03-26 11:25:13: www.179.com/artist/editbyajax
2012-03-26 11:26:05: www.179.com/artist/index
2012-03-26 11:26:20: www.179.com/artist/index
2012-03-26 11:26:45: www.179.com/artist/editbyajax
2012-03-26 11:27:01: www.179.com/artist/index
2012-03-26 11:27:37: www.179.com/artist/editbyajax
2012-03-26 11:27:58: www.179.com/artist/editbyajax
2012-03-26 11:28:26: www.179.com/artist/index
2012-03-26 11:28:54: www.179.com/artist/editbyajax
2012-03-26 11:28:59: www.179.com/artist/index
2012-03-26 11:30:01: www.179.com/artist/index
2012-03-26 11:30:32: www.179.com/artist/index
2012-03-26 11:30:40: www.179.com/artist/index
2012-03-26 11:32:46: www.179.com/artist/index
2012-03-26 15:52:04: www.179.com/
2012-03-26 15:52:04: www.179.com/login/getcheckcodes
2012-03-26 15:52:09: www.179.com/artist/login
2012-03-26 15:52:30: www.179.com/artist/login
2012-03-26 15:52:35: www.179.com/artist/loginbyajax
2012-03-26 15:52:36: www.179.com/artist/index
2012-03-26 15:55:21: www.179.com/artist/index
2012-03-26 15:56:42: www.179.com/artist/editbyajax
2012-03-26 15:56:48: www.179.com/artist/index
2012-03-26 15:59:15: www.179.com/artist/index
2012-03-26 16:07:02: www.179.com/artist/index
2012-03-26 16:07:04: www.179.com/artist/garden
2012-03-26 16:07:15: www.179.com/artist/index
2012-03-26 16:07:21: www.179.com/artist/record.html
2012-03-26 16:07:25: www.179.com/artist/index
2012-03-26 16:07:25: www.179.com/artist/index
2012-03-26 16:07:27: www.179.com/artist/garden
2012-03-26 16:07:51: www.179.com/artist/garden
2012-03-26 16:13:48: www.179.com/artist/garden
2012-03-26 16:13:51: www.179.com/artist
2012-03-26 16:14:07: www.179.com/artist/garden
2012-03-26 16:14:09: www.179.com/artist/record.html
2012-03-26 16:14:13: www.179.com/artist/garden
2012-03-26 16:14:47: www.179.com/artist/garden
2012-03-26 16:14:48: www.179.com/artist/record
2012-03-26 16:17:30: www.179.com/artist/record
2012-03-26 16:17:30: www.179.com/artist/record
2012-03-26 16:17:30: www.179.com/artist/record
2012-03-26 16:17:30: www.179.com/artist/record
2012-03-26 16:17:31: www.179.com/artist/record
2012-03-26 16:17:31: www.179.com/artist/record
2012-03-26 16:17:31: www.179.com/artist/record
2012-03-26 16:17:31: www.179.com/artist/record
2012-03-26 16:17:32: www.179.com/artist/record
2012-03-26 16:17:32: www.179.com/artist/record
2012-03-26 16:17:32: www.179.com/artist/record
2012-03-26 16:17:32: www.179.com/artist/record
2012-03-26 16:17:32: www.179.com/artist/record
2012-03-26 16:17:32: www.179.com/artist/record
2012-03-26 16:17:33: www.179.com/artist/record
2012-03-26 16:17:33: www.179.com/artist/record
2012-03-26 16:17:34: www.179.com/artist/record
2012-03-26 16:17:34: www.179.com/artist/record
2012-03-26 16:17:34: www.179.com/artist/record
2012-03-26 16:17:35: www.179.com/artist/record
2012-03-26 16:17:35: www.179.com/artist/record
2012-03-26 16:17:35: www.179.com/artist/record
2012-03-26 16:17:35: www.179.com/artist/record
2012-03-26 16:17:35: www.179.com/artist/record
2012-03-26 16:17:35: www.179.com/artist/record
2012-03-26 16:17:35: www.179.com/artist/record
2012-03-26 16:17:35: www.179.com/artist/record
2012-03-26 16:17:36: www.179.com/artist/record
2012-03-26 16:17:36: www.179.com/artist/record
2012-03-26 16:17:36: www.179.com/artist/record
2012-03-26 16:17:36: www.179.com/artist/record
2012-03-26 16:17:37: www.179.com/artist/record
2012-03-26 16:17:38: www.179.com/artist/record
2012-03-26 16:17:38: www.179.com/artist/record
2012-03-26 16:17:38: www.179.com/artist/record
2012-03-26 16:18:02: www.179.com/artist
2012-03-26 16:20:38: www.179.com/artist
2012-03-26 16:20:40: www.179.com/artist/logout
2012-03-26 16:20:40: www.179.com/artist/login
2012-03-26 16:20:42: www.179.com/artist/login
2012-03-26 16:20:45: www.179.com/artist/
2012-03-26 16:20:53: www.179.com/artist/login
2012-03-26 16:22:30: www.179.com/artist/login
2012-03-26 16:22:41: www.179.com/artist/loginbyajax
2012-03-26 16:22:41: www.179.com/artist/index
2012-03-26 16:29:30: www.179.com/artist/index
2012-03-26 16:29:30: www.179.com/artist/index
2012-03-26 16:29:31: www.179.com/artist/index
2012-03-26 16:29:31: www.179.com/artist/index
2012-03-26 16:29:31: www.179.com/artist/index
2012-03-26 16:29:31: www.179.com/artist/index
2012-03-26 16:29:31: www.179.com/artist/index
2012-03-26 16:29:31: www.179.com/artist/index
2012-03-26 16:29:31: www.179.com/artist/index
2012-03-26 16:29:32: www.179.com/artist/index
2012-03-26 16:29:32: www.179.com/artist/index
2012-03-26 16:29:32: www.179.com/artist/index
2012-03-26 16:29:32: www.179.com/artist/index
2012-03-26 16:29:33: www.179.com/artist/index
2012-03-26 16:29:33: www.179.com/artist/index
2012-03-26 16:29:33: www.179.com/artist/index
2012-03-26 16:29:33: www.179.com/artist/index
2012-03-26 16:29:34: www.179.com/artist/index
2012-03-26 16:29:34: www.179.com/artist/index
2012-03-26 16:29:34: www.179.com/artist/index
2012-03-26 16:29:35: www.179.com/artist/index
2012-03-26 16:29:35: www.179.com/artist/index
2012-03-26 16:29:37: www.179.com/artist/logout
2012-03-26 16:29:37: www.179.com/artist/login
2012-03-26 16:29:37: www.179.com/artist/login
2012-03-26 16:29:56: www.179.com/artist/loginbyajax
2012-03-26 16:29:57: www.179.com/artist/index
2012-03-26 16:30:01: www.179.com/artist/garden
2012-03-26 16:30:01: www.179.com/artist/record
2012-03-26 16:30:03: www.179.com/artist
2012-03-26 16:30:06: www.179.com/artist/garden
2012-03-26 16:30:07: www.179.com/artist/record
2012-03-26 16:35:47: www.179.com/artist/record
2012-03-26 16:35:48: www.179.com/artist/album.html
2012-03-26 16:35:51: www.179.com/artist/record
2012-03-26 16:36:03: www.179.com/artist/record
2012-03-26 16:36:05: www.179.com/artist/album
2012-03-26 16:36:09: www.179.com/artist/album
2012-03-26 16:36:10: www.179.com/artist/garden
2012-03-26 16:36:11: www.179.com/artist/record
2012-03-26 16:40:28: www.179.com/
2012-03-26 16:40:29: www.179.com/login/getcheckcodes
2012-03-26 16:40:30: www.179.com/video/download
2012-03-26 16:40:30: www.179.com/login/getcheckcodes
2012-03-26 16:40:31: www.179.com/video/companion
2012-03-26 16:40:35: www.179.com/artist/album
2012-03-26 16:49:04: www.179.com/artist/album
2012-03-26 16:49:05: www.179.com/artist/album
2012-03-26 16:49:06: www.179.com/artist/garden
2012-03-26 16:49:06: www.179.com/artist/record
2012-03-26 16:49:07: www.179.com/artist/record
2012-03-26 16:49:11: www.179.com/artist/record
2012-03-26 16:49:12: www.179.com/artist/garden
2012-03-26 16:49:57: www.179.com/artist/garden
2012-03-26 16:49:58: www.179.com/artist/garden
2012-03-26 16:49:59: www.179.com/artist/garden
2012-03-26 16:50:36: www.179.com/artist/garden
2012-03-26 16:50:38: www.179.com/artist/garden
2012-03-26 16:50:39: www.179.com/artist/garden
2012-03-26 16:50:40: www.179.com/artist/record
2012-03-26 16:50:41: www.179.com/artist/garden
2012-03-26 16:50:46: www.179.com/artist/garden
2012-03-26 16:50:48: www.179.com/artist/garden
2012-03-26 16:50:51: www.179.com/artist/garden
2012-03-26 16:51:28: www.179.com/artist/garden
2012-03-26 16:51:30: www.179.com/artist/garden
2012-03-26 16:51:31: www.179.com/artist/record
2012-03-26 16:51:34: www.179.com/artist/garden
2012-03-26 16:52:33: www.179.com/artist/garden
2012-03-26 16:52:42: www.179.com/artist/garden
2012-03-26 16:52:43: www.179.com/artist/record
2012-03-26 16:52:44: www.179.com/artist
2012-03-26 16:52:44: www.179.com/artist/album
2012-03-26 16:52:45: www.179.com/artist/garden
2012-03-26 16:52:46: www.179.com/artist
2012-03-26 16:53:23: www.179.com/artist
2012-03-26 16:53:24: www.179.com/artist/album
2012-03-26 16:53:25: www.179.com/artist/garden
2012-03-26 16:53:25: www.179.com/artist/record
2012-03-26 16:53:26: www.179.com/artist
2012-03-26 16:55:34: www.179.com/artist/record
2012-03-26 17:00:21: www.179.com/artist/record
2012-03-26 17:00:22: www.179.com/artist/garden
2012-03-26 17:00:23: www.179.com/artist/garden
2012-03-26 17:00:24: www.179.com/artist/garden
2012-03-26 17:00:25: www.179.com/artist/garden
2012-03-26 17:00:57: www.179.com/artist/garden
2012-03-26 17:01:18: www.179.com/artist/garden
2012-03-26 17:01:33: www.179.com/artist/garden
2012-03-26 17:01:36: www.179.com/artist/garden
2012-03-26 17:01:38: www.179.com/artist/garden
2012-03-26 17:01:59: www.179.com/artist/garden
2012-03-26 17:02:01: www.179.com/artist/record
2012-03-26 17:02:02: www.179.com/artist
2012-03-26 17:02:04: www.179.com/artist/garden
2012-03-26 17:02:05: www.179.com/artist/garden
2012-03-26 17:02:06: www.179.com/artist/record
2012-03-26 17:02:33: www.179.com/artist/record
2012-03-26 17:02:36: www.179.com/artist/garden
2012-03-26 17:03:10: www.179.com/artist/garden
2012-03-26 17:03:11: www.179.com/artist/garden
2012-03-26 17:03:13: www.179.com/artist/garden
2012-03-26 17:03:15: www.179.com/artist/garden
2012-03-26 17:03:15: www.179.com/artist/record
2012-03-26 17:03:28: www.179.com/artist/record
2012-03-26 17:03:32: www.179.com/artist/record
2012-03-26 17:03:54: www.179.com/artist/record
2012-03-26 17:03:56: www.179.com/artist/garden
2012-03-26 17:05:21: www.179.com/artist
2012-03-26 17:05:25: www.179.com/artist/garden
2012-03-26 17:05:26: www.179.com/artist/record
2012-03-26 17:05:27: www.179.com/artist
2012-03-26 17:05:38: www.179.com/artist
2012-03-26 17:05:40: www.179.com/artist/record
2012-03-26 17:05:46: www.179.com/artist/garden
2012-03-26 17:06:32: www.179.com/artist/garden
2012-03-26 17:06:33: www.179.com/artist/garden
2012-03-26 17:06:33: www.179.com/artist/record
2012-03-26 17:06:34: www.179.com/artist/record
2012-03-26 17:06:35: www.179.com/artist
2012-03-26 17:06:45: www.179.com/artist
2012-03-26 17:06:47: www.179.com/artist/record
2012-03-26 17:06:48: www.179.com/artist/garden
2012-03-26 17:06:56: www.179.com/artist
2012-03-26 19:31:47: www.179.com/artist
2012-03-26 19:32:08: www.179.com/artist
2012-03-26 19:32:31: www.179.com/artist/logout
2012-03-26 19:32:31: www.179.com/artist/login
2012-03-26 19:32:50: www.179.com/artist/loginbyajax
2012-03-26 19:32:50: www.179.com/artist/index
2012-03-26 19:37:34: www.179.com/artist/index
2012-03-26 19:43:52: www.179.com/artist/index
2012-03-26 19:43:52: www.179.com/artist/guide
2012-03-26 19:44:09: www.179.com/artist/login
2012-03-26 19:44:12: www.179.com/artist/login
2012-03-26 19:44:26: www.179.com/artist/loginbyajax
2012-03-26 19:44:26: www.179.com/artist/index
2012-03-26 19:45:32: www.179.com/artist/index
2012-03-26 19:45:32: www.179.com/artist/index
2012-03-26 19:45:52: www.179.com/artist/index
2012-03-26 19:45:54: www.179.com/artist/updateStatus
2012-03-26 19:45:55: www.179.com/artist/updateStatus
2012-03-26 19:49:37: www.179.com/artist/index
2012-03-26 19:50:11: www.179.com/artist/index
2012-03-26 19:50:12: www.179.com/artist/updateStatus
2012-03-26 19:50:12: www.179.com/artist
2012-03-26 19:50:15: www.179.com/artist
2012-03-26 19:50:16: www.179.com/artist
2012-03-26 19:50:16: www.179.com/artist
2012-03-26 19:50:16: www.179.com/artist
2012-03-26 19:50:16: www.179.com/artist
2012-03-26 19:50:16: www.179.com/artist
2012-03-26 19:50:16: www.179.com/artist
2012-03-26 19:51:45: www.179.com/artist
2012-03-26 19:52:18: www.179.com/artist/editbyajax
2012-03-26 19:52:27: www.179.com/artist/editbyajax
2012-03-26 19:53:39: www.179.com/artist
2012-03-26 19:54:08: www.179.com/artist/editbyajax
2012-03-26 19:54:11: www.179.com/artist
2012-03-26 19:54:25: www.179.com/artist
2012-03-26 19:54:26: www.179.com/artist
2012-03-26 19:55:57: www.179.com/artist
2012-03-26 19:56:00: www.179.com/artist/record
2012-03-26 19:56:00: www.179.com/artist/garden
2012-03-26 19:58:19: www.179.com/artist/garden
2012-03-26 20:00:35: www.179.com/artist/logout
2012-03-26 20:00:35: www.179.com/artist/login
2012-03-26 20:00:36: www.179.com/artist/login
2012-03-26 20:00:40: www.179.com/artist/loginbyajax
2012-03-26 20:00:40: www.179.com/artist/index
2012-03-26 20:00:45: www.179.com/artist/logout
2012-03-26 20:00:45: www.179.com/artist/login
2012-03-26 20:03:35: www.179.com/artist/login
2012-03-26 20:03:38: www.179.com/artist/loginbyajax
2012-03-26 20:03:38: www.179.com/artist/index
2012-03-26 20:04:00: www.179.com/artist/logout
2012-03-26 20:04:00: www.179.com/artist/login
2012-03-26 20:06:20: www.179.com/artist/login
2012-03-26 20:06:24: www.179.com/artist/loginbyajax
2012-03-26 20:06:24: www.179.com/artist/index
2012-03-26 20:07:06: www.179.com/artist/index
2012-03-26 20:07:12: www.179.com/artist/garden
2012-03-26 20:07:13: www.179.com/artist/record
2012-03-26 20:07:42: www.179.com/artist/record
2012-03-26 20:07:43: www.179.com/artist/garden
2012-03-26 20:07:45: www.179.com/artist
2012-03-26 20:07:45: www.179.com/artist/album
2012-03-26 20:07:46: www.179.com/artist/garden
2012-03-26 20:07:48: www.179.com/artist
2012-03-26 20:07:49: www.179.com/artist/garden
2012-03-26 20:08:00: www.179.com/artist/updateStatus
2012-03-26 20:08:00: www.179.com/artist
2012-03-26 20:08:03: www.179.com/artist/garden
2012-03-26 20:08:09: www.179.com/artist
2012-03-26 20:08:14: www.179.com/artist/garden
2012-03-26 20:08:20: www.179.com/artist
2012-03-26 20:13:16: www.179.com/artist
2012-03-26 20:13:44: www.179.com/artist/editbyajax
2012-03-26 20:13:46: www.179.com/artist
2012-03-26 20:13:48: www.179.com/artist/garden
2012-03-26 20:13:49: www.179.com/artist/record
2012-03-26 20:13:51: www.179.com/artist/garden
2012-03-26 20:13:52: www.179.com/artist
2012-03-26 20:13:53: www.179.com/artist/garden
2012-03-26 20:14:10: www.179.com/artist/garden
2012-03-26 20:14:12: www.179.com/artist
2012-03-26 20:16:03: www.179.com/artist
2012-03-26 20:16:04: www.179.com/artist/garden
2012-03-26 20:16:05: www.179.com/artist/garden
2012-03-26 20:16:08: www.179.com/artist/garden
2012-03-26 20:16:09: www.179.com/artist/garden
2012-03-26 20:16:10: www.179.com/artist/garden
2012-03-26 20:17:22: www.179.com/artist/garden
2012-03-26 20:17:24: www.179.com/artist/updateStatus
2012-03-26 20:17:24: www.179.com/artist
2012-03-26 20:17:41: www.179.com/artist/record
2012-03-26 20:18:38: www.179.com/artist/record
2012-03-26 20:19:12: www.179.com/artist/record
2012-03-26 20:19:44: www.179.com/artist/record
2012-03-26 20:19:53: www.179.com/artist/record
2012-03-26 20:19:55: www.179.com/artist/record
2012-03-26 20:20:16: www.179.com/artist/record
2012-03-26 20:20:23: www.179.com/artist/garden
2012-03-26 20:20:24: www.179.com/artist/record
2012-03-26 20:20:25: www.179.com/artist/record
2012-03-26 20:20:28: www.179.com/artist/garden
2012-03-26 20:22:20: www.179.com/artist/garden
2012-03-26 20:24:02: www.179.com/artist/garden
2012-03-26 20:24:29: www.179.com/artist/garden
2012-03-26 20:24:38: www.179.com/artist/garden
2012-03-26 20:25:21: www.179.com/artist/record
2012-03-26 20:25:22: www.179.com/artist/garden
2012-03-26 20:25:24: www.179.com/artist/garden
2012-03-26 20:25:51: www.179.com/artist/garden
111111111
111111111
